2013-09-27 19:16:29,285 [http-bio-8080-exec-5] ERROR StackTrace  - Full Stack Trace:
java.lang.NullPointerException
	at org.springsource.loaded.NameRegistry.getIdFor(NameRegistry.java:56)
	at org.springsource.loaded.NameRegistry.getIdOrAllocateFor(NameRegistry.java:71)
	at org.springsource.loaded.TypeRegistry.getTypeIdFor(TypeRegistry.java:772)
	at org.springsource.loaded.MethodInvokerRewriter$RewriteClassAdaptor$RewritingMethodAdapter.rewritePUTSTATIC(MethodInvokerRewriter.java:869)
	at org.springsource.loaded.MethodInvokerRewriter$RewriteClassAdaptor$RewritingMethodAdapter.visitFieldInsn(MethodInvokerRewriter.java:788)
	at sl.org.objectweb.asm.ClassReader.accept(Unknown Source)
	at sl.org.objectweb.asm.ClassReader.accept(Unknown Source)
	at org.springsource.loaded.MethodInvokerRewriter.rewrite(MethodInvokerRewriter.java:330)
	at org.springsource.loaded.MethodInvokerRewriter.rewrite(MethodInvokerRewriter.java:96)
	at org.springsource.loaded.TypeRegistry.methodCallRewrite(TypeRegistry.java:783)
	at org.springsource.loaded.agent.ModifyDefineInClassLoaderForClassArtifactsType.modify(ModifyDefineInClassLoaderForClassArtifactsType.java:89)
	at org.codehaus.groovy.reflection.ClassLoaderForClassArtifacts.define(ClassLoaderForClassArtifacts.java)
	at org.codehaus.groovy.reflection.ClassLoaderForClassArtifacts$1.run(ClassLoaderForClassArtifacts.java:86)
	at org.codehaus.groovy.reflection.ClassLoaderForClassArtifacts$1.run(ClassLoaderForClassArtifacts.java:84)
	at java.security.AccessController.doPrivileged(Native Method)
	at org.codehaus.groovy.reflection.ClassLoaderForClassArtifacts.defineClassAndGetConstructor(ClassLoaderForClassArtifacts.java:84)
	at org.codehaus.groovy.runtime.callsite.CallSiteGenerator.compilePogoMethod(CallSiteGenerator.java:217)
	at org.codehaus.groovy.reflection.CachedMethod.createPogoMetaMethodSite(CachedMethod.java:228)
	at org.codehaus.groovy.runtime.callsite.PogoMetaMethodSite.createCachedMethodSite(PogoMetaMethodSite.java:212)
	at org.codehaus.groovy.runtime.callsite.PogoMetaMethodSite.createPogoMetaMethodSite(PogoMetaMethodSite.java:188)
	at groovy.lang.MetaClassImpl.createPogoCallSite(MetaClassImpl.java:3047)
	at groovy.lang.ExpandoMetaClass.createPogoCallSite(ExpandoMetaClass.java:1302)
	at org.codehaus.groovy.runtime.callsite.CallSiteArray.createPogoSite(CallSiteArray.java:147)
	at org.codehaus.groovy.runtime.callsite.CallSiteArray.createCallSite(CallSiteArray.java:161)
	at org.codehaus.groovy.runtime.callsite.CallSiteArray.defaultCall(CallSiteArray.java:45)
	at org.codehaus.groovy.runtime.callsite.AbstractCallSite.call(AbstractCallSite.java:108)
	at org.codehaus.groovy.runtime.callsite.AbstractCallSite.call(AbstractCallSite.java:112)
	at org.grails.plugin.resource.ResourceProcessor.processModernResource(ResourceProcessor.groovy:292)
	at org.grails.plugin.resource.ResourceProcessor$processModernResource$0.call(Unknown Source)
	at org.codehaus.groovy.runtime.callsite.CallSiteArray.defaultCall(CallSiteArray.java:45)
	at org.codehaus.groovy.runtime.callsite.AbstractCallSite.call(AbstractCallSite.java:108)
	at org.codehaus.groovy.runtime.callsite.AbstractCallSite.call(AbstractCallSite.java:120)
	at org.grails.plugin.resource.ProcessingFilter.doFilter(ProcessingFilter.groovy:39)
	at org.apache.catalina.core.ApplicationFilterChain.internalDoFilter(ApplicationFilterChain.java:243)
	at org.apache.catalina.core.ApplicationFilterChain.doFilter(ApplicationFilterChain.java:210)
	at org.springframework.web.filter.CharacterEncodingFilter.doFilterInternal(CharacterEncodingFilter.java:88)
	at org.springframework.web.filter.OncePerRequestFilter.doFilter(OncePerRequestFilter.java:76)
	at org.springframework.web.filter.DelegatingFilterProxy.invokeDelegate(DelegatingFilterProxy.java:346)
	at org.springframework.web.filter.DelegatingFilterProxy.doFilter(DelegatingFilterProxy.java:259)
	at org.apache.catalina.core.ApplicationFilterChain.internalDoFilter(ApplicationFilterChain.java:243)
	at org.apache.catalina.core.ApplicationFilterChain.doFilter(ApplicationFilterChain.java:210)
	at org.apache.catalina.core.StandardWrapperValve.invoke(StandardWrapperValve.java:222)
	at org.apache.catalina.core.StandardContextValve.invoke(StandardContextValve.java:123)
	at org.apache.catalina.core.StandardHostValve.invoke(StandardHostValve.java:171)
	at org.apache.catalina.valves.ErrorReportValve.invoke(ErrorReportValve.java:99)
	at org.apache.catalina.core.StandardEngineValve.invoke(StandardEngineValve.java:118)
	at org.apache.catalina.connector.CoyoteAdapter.service(CoyoteAdapter.java:408)
	at org.apache.coyote.http11.AbstractHttp11Processor.process(AbstractHttp11Processor.java:1009)
	at org.apache.coyote.AbstractProtocol$AbstractConnectionHandler.process(AbstractProtocol.java:589)
	at org.apache.tomcat.util.net.JIoEndpoint$SocketProcessor.run(JIoEndpoint.java:310)
	at java.util.concurrent.ThreadPoolExecutor$Worker.runTask(ThreadPoolExecutor.java:895)
	at java.util.concurrent.ThreadPoolExecutor$Worker.run(ThreadPoolExecutor.java:918)
	at java.lang.Thread.run(Thread.java:680)
2013-09-27 19:16:29,290 [http-bio-8080-exec-5] ERROR StackTrace  - Full Stack Trace:
java.lang.NullPointerException
	at org.grails.plugin.resource.ResourceProcessor.processModernResource(ResourceProcessor.groovy:292)
	at org.grails.plugin.resource.ProcessingFilter.doFilter(ProcessingFilter.groovy:39)
	at java.util.concurrent.ThreadPoolExecutor$Worker.runTask(ThreadPoolExecutor.java:895)
	at java.util.concurrent.ThreadPoolExecutor$Worker.run(ThreadPoolExecutor.java:918)
	at java.lang.Thread.run(Thread.java:680)
2013-09-27 19:16:29,290 [http-bio-8080-exec-5] ERROR StackTrace  - Full Stack Trace:
java.lang.NullPointerException
	at org.grails.plugin.resource.ResourceProcessor.processModernResource(ResourceProcessor.groovy:292)
	at org.grails.plugin.resource.ProcessingFilter.doFilter(ProcessingFilter.groovy:39)
	at java.util.concurrent.ThreadPoolExecutor$Worker.runTask(ThreadPoolExecutor.java:895)
	at java.util.concurrent.ThreadPoolExecutor$Worker.run(ThreadPoolExecutor.java:918)
	at java.lang.Thread.run(Thread.java:680)
2013-09-27 19:16:29,290 [http-bio-8080-exec-5] ERROR StackTrace  - Full Stack Trace:
java.lang.NullPointerException
	at org.grails.plugin.resource.ResourceProcessor.processModernResource(ResourceProcessor.groovy:292)
	at org.grails.plugin.resource.ProcessingFilter.doFilter(ProcessingFilter.groovy:39)
	at java.util.concurrent.ThreadPoolExecutor$Worker.runTask(ThreadPoolExecutor.java:895)
	at java.util.concurrent.ThreadPoolExecutor$Worker.run(ThreadPoolExecutor.java:918)
	at java.lang.Thread.run(Thread.java:680)
2013-09-27 19:16:29,787 [http-bio-8080-exec-5] ERROR StackTrace  - Full Stack Trace:
java.lang.NullPointerException
	at org.grails.plugin.resource.ResourceProcessor.processModernResource(ResourceProcessor.groovy:292)
	at org.grails.plugin.resource.ProcessingFilter.doFilter(ProcessingFilter.groovy:39)
	at java.util.concurrent.ThreadPoolExecutor$Worker.runTask(ThreadPoolExecutor.java:895)
	at java.util.concurrent.ThreadPoolExecutor$Worker.run(ThreadPoolExecutor.java:918)
	at java.lang.Thread.run(Thread.java:680)
2013-09-27 19:16:29,787 [http-bio-8080-exec-5] ERROR StackTrace  - Full Stack Trace:
java.lang.NullPointerException
	at org.grails.plugin.resource.ResourceProcessor.processModernResource(ResourceProcessor.groovy:292)
	at org.grails.plugin.resource.ProcessingFilter.doFilter(ProcessingFilter.groovy:39)
	at java.util.concurrent.ThreadPoolExecutor$Worker.runTask(ThreadPoolExecutor.java:895)
	at java.util.concurrent.ThreadPoolExecutor$Worker.run(ThreadPoolExecutor.java:918)
	at java.lang.Thread.run(Thread.java:680)
